<?xml version="1.0" encoding="UTF-8"?>
<!-- Generated by org.testng.reporters.JUnitReportReporter -->
<testsuite skipped="0" hostname="LAPTOP-NLPBMCE3" name="test.AddDataTest" tests="1" failures="0" timestamp="30 Aug 2021 01:44:59 GMT" time="10.230" errors="0">
  <testcase name="ValidUserShouldAbleToAddTestData" time="10.230" classname="test.AddDataTest"/>
</testsuite> <!-- test.AddDataTest -->
